#
# A fatal error has been detected by the Java Runtime Environment:
#
#  EXCEPTION_ACCESS_VIOLATION (0xc0000005) at pc=0x63567328, pid=2752, tid=3036
#
# JRE version: 6.0_22-b04
# Java VM: Java HotSpot(TM) Client VM (17.1-b03 mixed mode, sharing windows-x86 )
# Problematic frame:
# C  0x63567328
#
# If you would like to submit a bug report, please visit:
#   http://java.sun.com/webapps/bugreport/crash.jsp
# The crash happened outside the Java Virtual Machine in native code.
# See problematic frame for where to report the bug.
#

---------------  T H R E A D  ---------------

Current thread (0x005f9c00):  JavaThread "main" [_thread_in_native, id=3036, stack(0x00250000,0x002a0000)]

siginfo: ExceptionCode=0xc0000005, reading address 0x00000df8

Registers:
EAX=0x00000000, EBX=0x00000000, ECX=0x00000000, EDX=0x00000000
ESP=0x0029fa48, EBP=0x00000001, ESI=0x00000300, EDI=0x00000400
EIP=0x63567328, EFLAGS=0x00010246

Top of Stack: (sp=0x0029fa48)
0x0029fa48:   005f9c00 0029fac0 00000000 297f7ac8
0x0029fa58:   01350000 00000400 01010101 0029faa0
0x0029fa68:   00000000 00000000 00000400 00000300
0x0029fa78:   00000000 00000000 00000000 00000000
0x0029fa88:   00000000 00000000 00000400 00000300
0x0029fa98:   6356bc65 f3012200 0029fac0 297f7ac8
0x0029faa8:   005f9c00 00000000 77245a10 f3012225
0x0029fab8:   0029fae4 71350000 0029faf8 1000cbc1 

Instructions: (pc=0x63567328)
0x63567318:   55 55 55 55 ff 15 c0 28 58 63 8b 0d 70 27 58 63
0x63567328:   8b 89 f8 0d 00 00 53 53 56 8b d7 e8 78 23 00 00 


Stack: [0x00250000,0x002a0000],  sp=0x0029fa48,  free space=13e0029f52ck
Native frames: (J=compiled Java code, j=interpreted, Vv=VM code, C=native code)
C  0x63567328

Java frames: (J=compiled Java code, j=interpreted, Vv=VM code)
J  org.lwjgl.opengl.WindowsContextImplementation.nSwapBuffers(Ljava/nio/ByteBuffer;)V
J  org.lwjgl.opengl.WindowsContextImplementation.swapBuffers()V
J  org.lwjgl.opengl.Display.swapBuffers()V
J  org.lwjgl.opengl.Display.update(Z)V
J  org.newdawn.slick.AppGameContainer.gameLoop()V
j  org.newdawn.slick.AppGameContainer.start()V+17
j  javawars.Game.main([Ljava/lang/String;)V+56
v  ~StubRoutines::call_stub

---------------  P R O C E S S  ---------------

Java Threads: ( => current thread )
  0x04802c00 JavaThread "Thread-2" daemon [_thread_in_native, id=3636, stack(0x08450000,0x084a0000)]
  0x020ea000 JavaThread "Low Memory Detector" daemon [_thread_blocked, id=3916, stack(0x04610000,0x04660000)]
  0x020dd400 JavaThread "CompilerThread0" daemon [_thread_blocked, id=2612, stack(0x04580000,0x045d0000)]
  0x020d9c00 JavaThread "Attach Listener" daemon [_thread_blocked, id=2716, stack(0x044f0000,0x04540000)]
  0x020d6c00 JavaThread "Signal Dispatcher" daemon [_thread_blocked, id=1224, stack(0x04460000,0x044b0000)]
  0x02094000 JavaThread "Finalizer" daemon [_thread_blocked, id=1860, stack(0x043d0000,0x04420000)]
  0x02092c00 JavaThread "Reference Handler" daemon [_thread_blocked, id=3536, stack(0x04340000,0x04390000)]
=>0x005f9c00 JavaThread "main" [_thread_in_native, id=3036, stack(0x00250000,0x002a0000)]

Other Threads:
  0x02091000 VMThread [stack: 0x042b0000,0x04300000] [id=1128]
  0x020fcc00 WatcherThread [stack: 0x046a0000,0x046f0000] [id=828]

VM state:not at safepoint (normal execution)

VM Mutex/Monitor currently owned by a thread: None

Heap
 def new generation   total 8832K, used 7754K [0x24290000, 0x24c20000, 0x297e0000)
  eden space 7872K,  98% used [0x24290000, 0x24a21780, 0x24a40000)
  from space 960K,   0% used [0x24b30000, 0x24b310c8, 0x24c20000)
  to   space 960K,   0% used [0x24a40000, 0x24a40000, 0x24b30000)
 tenured generation   total 19476K, used 18108K [0x297e0000, 0x2aae5000, 0x34290000)
   the space 19476K,  92% used [0x297e0000, 0x2a98f160, 0x2a98f200, 0x2aae5000)
 compacting perm gen  total 12288K, used 3101K [0x34290000, 0x34e90000, 0x38290000)
   the space 12288K,  25% used [0x34290000, 0x34597480, 0x34597600, 0x34e90000)
    ro space 10240K,  54% used [0x38290000, 0x3880c510, 0x3880c600, 0x38c90000)
    rw space 12288K,  55% used [0x38c90000, 0x3932fb78, 0x3932fc00, 0x39890000)

Dynamic libraries:
0x00400000 - 0x00424000 	C:\Program Files (x86)\Java\jdk1.6.0_22\bin\java.exe
0x77ca0000 - 0x77e20000 	C:\Windows\SysWOW64\ntdll.dll
0x76f60000 - 0x77060000 	C:\Windows\syswow64\kernel32.dll
0x771a0000 - 0x771e6000 	C:\Windows\syswow64\KERNELBASE.dll
0x77800000 - 0x778a0000 	C:\Windows\syswow64\ADVAPI32.dll
0x768a0000 - 0x7694c000 	C:\Windows\syswow64\msvcrt.dll
0x777e0000 - 0x777f9000 	C:\Windows\SysWOW64\sechost.dll
0x77290000 - 0x77380000 	C:\Windows\syswow64\RPCRT4.dll
0x75810000 - 0x75870000 	C:\Windows\syswow64\SspiCli.dll
0x75800000 - 0x7580c000 	C:\Windows\syswow64\CRYPTBASE.dll
0x7c340000 - 0x7c396000 	C:\Program Files (x86)\Java\jdk1.6.0_22\jre\bin\msvcr71.dll
0x6d8a0000 - 0x6db47000 	C:\Program Files (x86)\Java\jdk1.6.0_22\jre\bin\client\jvm.dll
0x770a0000 - 0x771a0000 	C:\Windows\syswow64\USER32.dll
0x77200000 - 0x77290000 	C:\Windows\syswow64\GDI32.dll
0x769e0000 - 0x769ea000 	C:\Windows\syswow64\LPK.dll
0x76c00000 - 0x76c9d000 	C:\Windows\syswow64\USP10.dll
0x75390000 - 0x753c2000 	C:\Windows\system32\WINMM.dll
0x76b50000 - 0x76bb0000 	C:\Windows\system32\IMM32.DLL
0x75a70000 - 0x75b3c000 	C:\Windows\syswow64\MSCTF.dll
0x72f60000 - 0x72fab000 	C:\Windows\system32\apphelp.dll
0x6d850000 - 0x6d85c000 	C:\Program Files (x86)\Java\jdk1.6.0_22\jre\bin\verify.dll
0x6d3d0000 - 0x6d3ef000 	C:\Program Files (x86)\Java\jdk1.6.0_22\jre\bin\java.dll
0x6d330000 - 0x6d338000 	C:\Program Files (x86)\Java\jdk1.6.0_22\jre\bin\hpi.dll
0x76ec0000 - 0x76ec5000 	C:\Windows\syswow64\PSAPI.DLL
0x6d890000 - 0x6d89f000 	C:\Program Files (x86)\Java\jdk1.6.0_22\jre\bin\zip.dll
0x10000000 - 0x10071000 	C:\Users\Piotrek\Documents\NetBeansProjects\Slick\lwjgl.dll
0x72d40000 - 0x72ede000 	C:\Windows\WinSxS\x86_microsoft.windows.common-controls_6595b64144ccf1df_6.0.7600.16661_none_420fe3fa2b8113bd\COMCTL32.dll
0x769f0000 - 0x76a47000 	C:\Windows\syswow64\SHLWAPI.dll
0x71350000 - 0x71418000 	C:\Windows\system32\OPENGL32.dll
0x75080000 - 0x750a2000 	C:\Windows\system32\GLU32.dll
0x71260000 - 0x71347000 	C:\Windows\system32\DDRAW.dll
0x750d0000 - 0x750d6000 	C:\Windows\system32\DCIMAN32.dll
0x773e0000 - 0x7757d000 	C:\Windows\syswow64\SETUPAPI.dll
0x75b40000 - 0x75b67000 	C:\Windows\syswow64\CFGMGR32.dll
0x75bc0000 - 0x75c4f000 	C:\Windows\syswow64\OLEAUT32.dll
0x76d30000 - 0x76e8c000 	C:\Windows\syswow64\ole32.dll
0x76bb0000 - 0x76bc2000 	C:\Windows\syswow64\DEVOBJ.dll
0x732d0000 - 0x732e3000 	C:\Windows\system32\dwmapi.dll
0x734b0000 - 0x734b9000 	C:\Windows\system32\VERSION.dll
0x73030000 - 0x730b0000 	C:\Windows\system32\uxtheme.dll
0x69500000 - 0x6a355000 	C:\Windows\system32\nvoglv32.DLL
0x76bd0000 - 0x76bfd000 	C:\Windows\syswow64\WINTRUST.dll
0x77580000 - 0x7769c000 	C:\Windows\syswow64\CRYPT32.dll
0x76d20000 - 0x76d2c000 	C:\Windows\syswow64\MSASN1.dll
0x71dc0000 - 0x71e39000 	C:\Windows\system32\mscms.dll
0x73730000 - 0x73747000 	C:\Windows\system32\USERENV.dll
0x73720000 - 0x7372b000 	C:\Windows\system32\profapi.dll
0x75270000 - 0x752a8000 	C:\Windows\system32\icm32.dll
0x6d0b0000 - 0x6d1fa000 	C:\Program Files (x86)\Java\jdk1.6.0_22\jre\bin\awt.dll
0x75450000 - 0x754a1000 	C:\Windows\system32\WINSPOOL.DRV
0x082b0000 - 0x082c6000 	C:\Users\Piotrek\Documents\NetBeansProjects\Slick\jinput-dx8.dll
0x74e80000 - 0x74eb0000 	C:\Windows\system32\DINPUT8.dll
0x750c0000 - 0x750c9000 	C:\Windows\system32\HID.DLL
0x083d0000 - 0x083e5000 	C:\Users\Piotrek\Documents\NetBeansProjects\Slick\jinput-raw.dll

VM Arguments:
jvm_args: -Dfile.encoding=UTF-8 -Djava.library.path=C:\Users\Piotrek\Documents\NetBeansProjects\Slick 
java_command: javawars.Game
Launcher Type: SUN_STANDARD

Environment Variables:
JAVA_HOME=C:\Program Files (x86)\Java\jdk1.6.0_22
CLASSPATH=.;C:\Program Files (x86)\Java\jre6\lib\ext\QTJava.zip
PATH=C:\Program Files (x86)\Java\jdk1.6.0_22\bin;C:\ant\bin;C:\Program Files (x86)\MiKTeX 2.9\miktex\bin;C:\Program Files\Common Files\Microsoft Shared\Windows Live;C:\Program Files (x86)\NVIDIA Corporation\PhysX\Common;C:\Program Files (x86)\PC Connectivity Solution\;C:\Program Files (x86)\GnuWin32\bin;C:\Program Files (x86)\ImageMagick-6.5.6-Q8;C:\Windows\system32;C:\Windows;C:\Windows\System32\Wbem;C:\Windows\System32\WindowsPowerShell\v1.0\;C:\Program Files (x86)\Microsoft SQL Server\90\Tools\binn\;C:\Ruby\bin;C:\Program Files\Common Files\Autodesk Shared\;C:\Program Files (x86)\Git\cmd;C:\Program Files (x86)\NVIDIA Corporation\Cg\bin;C:\Program Files (x86)\NVIDIA Corporation\Cg\bin.x64;C:\Program Files (x86)\CMake 2.8\bin;C:\Program Files (x86)\QuickTime\QTSystem\;C:\Program Files (x86)\TortoiseSVN\bin;C:\Program Files (x86)\SlikSvn\bin\;C:\Program Files (x86)\Nmap
USERNAME=Piotrek
OS=Windows_NT
PROCESSOR_IDENTIFIER=Intel64 Family 6 Model 23 Stepping 10, GenuineIntel



---------------  S Y S T E M  ---------------

OS: Windows 7 Build 7600 

CPU:total 2 (2 cores per cpu, 1 threads per core) family 6 model 23 stepping 10, cmov, cx8, fxsr, mmx, sse, sse2, sse3, ssse3, sse4.1

Memory: 4k page, physical 4193464k(1758760k free), swap 8385028k(5618932k free)

vm_info: Java HotSpot(TM) Client VM (17.1-b03) for windows-x86 JRE (1.6.0_22-b04), built on Sep 15 2010 00:56:36 by "java_re" with MS VC++ 7.1 (VS2003)

time: Tue Nov 30 21:34:36 2010
elapsed time: 64 seconds

